<?xml version="1.0" encoding="UTF-8"?>
<coverage generated="1534353639407" clover="3.2.0">
  <project timestamp="1534353639408" name="All files">
    <metrics statements="226" coveredstatements="156" conditionals="88" coveredconditionals="33" methods="43" coveredmethods="32" elements="357" coveredelements="221" complexity="0" loc="226" ncloc="226" packages="2" files="5" classes="5">
      <package name="create-storybook">
        <metrics statements="33" coveredstatements="32" conditionals="4" coveredconditionals="3" methods="12" coveredmethods="12"/>
        <file name="index.ts" path="/home/travis/build/tinesoft/ngx-storybook-schematics/src/create-storybook/index.ts">
          <metrics statements="33" coveredstatements="32" conditionals="4" coveredconditionals="3" methods="12" coveredmethods="12"/>
          <line num="1" count="1" type="stmt"/>
          <line num="13" count="1" type="stmt"/>
          <line num="15" count="1" type="stmt"/>
          <line num="24" count="1" type="stmt"/>
          <line num="29" count="1" type="stmt"/>
          <line num="30" count="1" type="stmt"/>
          <line num="34" count="1" type="stmt"/>
          <line num="35" count="4" type="stmt"/>
          <line num="37" count="4" type="stmt"/>
          <line num="47" count="4" type="stmt"/>
          <line num="48" count="4" type="cond" truecount="1" falsecount="1"/>
          <line num="49" count="4" type="stmt"/>
          <line num="50" count="4" type="stmt"/>
          <line num="53" count="0" type="stmt"/>
          <line num="56" count="4" type="stmt"/>
          <line num="57" count="7" type="stmt"/>
          <line num="59" count="7" type="stmt"/>
          <line num="60" count="7" type="stmt"/>
          <line num="64" count="7" type="stmt"/>
          <line num="70" count="6" type="stmt"/>
          <line num="74" count="4" type="stmt"/>
          <line num="79" count="4" type="stmt"/>
          <line num="80" count="3" type="stmt"/>
          <line num="82" count="3" type="stmt"/>
          <line num="83" count="3" type="stmt"/>
          <line num="88" count="3" type="stmt"/>
          <line num="93" count="4" type="stmt"/>
          <line num="95" count="3" type="stmt"/>
          <line num="96" count="3" type="stmt"/>
          <line num="101" count="1" type="stmt"/>
          <line num="103" count="1" type="stmt"/>
          <line num="104" count="1" type="stmt"/>
          <line num="105" count="1" type="stmt"/>
        </file>
      </package>
      <package name="utility">
        <metrics statements="193" coveredstatements="124" conditionals="84" coveredconditionals="30" methods="31" coveredmethods="20"/>
        <file name="config.ts" path="/home/travis/build/tinesoft/ngx-storybook-schematics/src/utility/config.ts">
          <metrics statements="34" coveredstatements="16" conditionals="14" coveredconditionals="1" methods="8" coveredmethods="3"/>
          <line num="8" count="1" type="stmt"/>
          <line num="9" count="1" type="stmt"/>
          <line num="485" count="1" type="stmt"/>
          <line num="486" count="4" type="stmt"/>
          <line num="487" count="8" type="stmt"/>
          <line num="489" count="4" type="stmt"/>
          <line num="492" count="1" type="stmt"/>
          <line num="493" count="4" type="stmt"/>
          <line num="494" count="4" type="stmt"/>
          <line num="495" count="4" type="cond" truecount="1" falsecount="1"/>
          <line num="496" count="0" type="stmt"/>
          <line num="498" count="4" type="stmt"/>
          <line num="500" count="4" type="stmt"/>
          <line num="503" count="1" type="stmt"/>
          <line num="508" count="0" type="stmt"/>
          <line num="510" count="0" type="cond" truecount="0" falsecount="2"/>
          <line num="511" count="0" type="stmt"/>
          <line num="515" count="0" type="stmt"/>
          <line num="517" count="0" type="cond" truecount="0" falsecount="4"/>
          <line num="519" count="0" type="stmt"/>
          <line num="522" count="0" type="stmt"/>
          <line num="526" count="1" type="stmt"/>
          <line num="528" count="1" type="stmt"/>
          <line num="529" count="0" type="stmt"/>
          <line num="530" count="0" type="cond" truecount="0" falsecount="2"/>
          <line num="531" count="0" type="stmt"/>
          <line num="534" count="0" type="stmt"/>
          <line num="536" count="0" type="stmt"/>
          <line num="539" count="1" type="stmt"/>
          <line num="540" count="0" type="cond" truecount="0" falsecount="2"/>
          <line num="541" count="0" type="stmt"/>
          <line num="544" count="0" type="cond" truecount="0" falsecount="2"/>
          <line num="545" count="0" type="stmt"/>
          <line num="548" count="0" type="stmt"/>
        </file>
        <file name="dependencies.ts" path="/home/travis/build/tinesoft/ngx-storybook-schematics/src/utility/dependencies.ts">
          <metrics statements="45" coveredstatements="27" conditionals="24" coveredconditionals="8" methods="5" coveredmethods="3"/>
          <line num="8" count="1" type="stmt"/>
          <line num="9" count="1" type="stmt"/>
          <line num="10" count="1" type="stmt"/>
          <line num="17" count="1" type="stmt"/>
          <line num="18" count="1" type="cond" truecount="2" falsecount="0"/>
          <line num="19" count="1" type="stmt"/>
          <line num="20" count="1" type="stmt"/>
          <line num="21" count="1" type="stmt"/>
          <line num="22" count="1" type="stmt"/>
          <line num="32" count="1" type="stmt"/>
          <line num="33" count="7" type="stmt"/>
          <line num="34" count="6" type="stmt"/>
          <line num="35" count="6" type="stmt"/>
          <line num="36" count="6" type="cond" truecount="1" falsecount="1"/>
          <line num="38" count="0" type="stmt"/>
          <line num="41" count="6" type="cond" truecount="1" falsecount="1"/>
          <line num="43" count="6" type="stmt"/>
          <line num="45" count="6" type="cond" truecount="1" falsecount="1"/>
          <line num="47" count="6" type="stmt"/>
          <line num="54" count="0" type="cond" truecount="0" falsecount="2"/>
          <line num="56" count="0" type="stmt"/>
          <line num="57" count="0" type="stmt"/>
          <line num="58" count="0" type="stmt"/>
          <line num="62" count="6" type="stmt"/>
          <line num="65" count="1" type="stmt"/>
          <line num="66" count="0" type="stmt"/>
          <line num="67" count="0" type="stmt"/>
          <line num="68" count="0" type="stmt"/>
          <line num="74" count="0" type="cond" truecount="0" falsecount="2"/>
          <line num="75" count="0" type="stmt"/>
          <line num="77" count="0" type="stmt"/>
          <line num="78" count="0" type="cond" truecount="0" falsecount="4"/>
          <line num="79" count="0" type="stmt"/>
          <line num="80" count="0" type="cond" truecount="0" falsecount="4"/>
          <line num="81" count="0" type="stmt"/>
          <line num="82" count="0" type="stmt"/>
          <line num="91" count="0" type="stmt"/>
          <line num="95" count="7" type="stmt"/>
          <line num="96" count="7" type="cond" truecount="2" falsecount="0"/>
          <line num="97" count="1" type="stmt"/>
          <line num="99" count="6" type="stmt"/>
          <line num="101" count="6" type="stmt"/>
          <line num="102" count="6" type="cond" truecount="1" falsecount="1"/>
          <line num="103" count="0" type="stmt"/>
          <line num="106" count="6" type="stmt"/>
        </file>
        <file name="json-utils.ts" path="/home/travis/build/tinesoft/ngx-storybook-schematics/src/utility/json-utils.ts">
          <metrics statements="42" coveredstatements="31" conditionals="19" coveredconditionals="10" methods="5" coveredmethods="4"/>
          <line num="17" count="1" type="stmt"/>
          <line num="24" count="1" type="stmt"/>
          <line num="26" count="1" type="cond" truecount="1" falsecount="1"/>
          <line num="28" count="1" type="stmt"/>
          <line num="29" count="1" type="stmt"/>
          <line num="32" count="1" type="stmt"/>
          <line num="40" count="1" type="stmt"/>
          <line num="48" count="9" type="cond" truecount="1" falsecount="1"/>
          <line num="49" count="0" type="stmt"/>
          <line num="51" count="0" type="stmt"/>
          <line num="55" count="9" type="stmt"/>
          <line num="56" count="9" type="stmt"/>
          <line num="57" count="9" type="stmt"/>
          <line num="58" count="9" type="stmt"/>
          <line num="59" count="9" type="stmt"/>
          <line num="60" count="33" type="cond" truecount="2" falsecount="0"/>
          <line num="61" count="9" type="cond" truecount="1" falsecount="1"/>
          <line num="62" count="9" type="stmt"/>
          <line num="64" count="9" type="stmt"/>
          <line num="66" count="24" type="cond" truecount="1" falsecount="1"/>
          <line num="67" count="0" type="stmt"/>
          <line num="68" count="0" type="stmt"/>
          <line num="70" count="24" type="stmt"/>
          <line num="73" count="9" type="cond" truecount="1" falsecount="1"/>
          <line num="74" count="0" type="stmt"/>
          <line num="76" count="0" type="stmt"/>
          <line num="79" count="9" type="stmt"/>
          <line num="81" count="9" type="stmt"/>
          <line num="85" count="9" type="stmt"/>
          <line num="94" count="1" type="stmt"/>
          <line num="100" count="0" type="stmt"/>
          <line num="102" count="0" type="cond" truecount="0" falsecount="2"/>
          <line num="104" count="0" type="stmt"/>
          <line num="105" count="0" type="stmt"/>
          <line num="108" count="0" type="stmt"/>
          <line num="117" count="1" type="stmt"/>
          <line num="121" count="19" type="stmt"/>
          <line num="122" count="19" type="stmt"/>
          <line num="123" count="192" type="cond" truecount="2" falsecount="0"/>
          <line num="124" count="9" type="stmt"/>
          <line num="128" count="19" type="stmt"/>
          <line num="132" count="10" type="stmt"/>
        </file>
        <file name="utils.ts" path="/home/travis/build/tinesoft/ngx-storybook-schematics/src/utility/utils.ts">
          <metrics statements="72" coveredstatements="50" conditionals="27" coveredconditionals="11" methods="13" coveredmethods="10"/>
          <line num="1" count="1" type="stmt"/>
          <line num="10" count="1" type="stmt"/>
          <line num="16" count="1" type="stmt"/>
          <line num="23" count="1" type="stmt"/>
          <line num="25" count="1" type="stmt"/>
          <line num="26" count="1" type="stmt"/>
          <line num="34" count="1" type="stmt"/>
          <line num="43" count="1" type="stmt"/>
          <line num="44" count="0" type="cond" truecount="0" falsecount="2"/>
          <line num="45" count="0" type="stmt"/>
          <line num="46" count="0" type="stmt"/>
          <line num="48" count="0" type="stmt"/>
          <line num="52" count="1" type="stmt"/>
          <line num="58" count="3" type="stmt"/>
          <line num="62" count="1" type="stmt"/>
          <line num="70" count="4" type="stmt"/>
          <line num="71" count="4" type="stmt"/>
          <line num="72" count="4" type="stmt"/>
          <line num="74" count="4" type="cond" truecount="2" falsecount="0"/>
          <line num="76" count="1" type="stmt"/>
          <line num="83" count="3" type="cond" truecount="1" falsecount="1"/>
          <line num="85" count="3" type="stmt"/>
          <line num="86" count="3" type="stmt"/>
          <line num="88" count="3" type="cond" truecount="1" falsecount="1"/>
          <line num="90" count="3" type="stmt"/>
          <line num="92" count="3" type="stmt"/>
          <line num="101" count="0" type="stmt"/>
          <line num="103" count="0" type="stmt"/>
          <line num="105" count="0" type="stmt"/>
          <line num="106" count="0" type="stmt"/>
          <line num="110" count="0" type="cond" truecount="0" falsecount="4"/>
          <line num="111" count="0" type="stmt"/>
          <line num="114" count="4" type="stmt"/>
          <line num="122" count="1" type="stmt"/>
          <line num="123" count="7" type="stmt"/>
          <line num="125" count="7" type="stmt"/>
          <line num="126" count="7" type="stmt"/>
          <line num="127" count="7" type="stmt"/>
          <line num="128" count="141" type="stmt"/>
          <line num="129" count="7" type="stmt"/>
          <line num="130" count="7" type="stmt"/>
          <line num="131" count="7" type="stmt"/>
          <line num="132" count="7" type="cond" truecount="2" falsecount="1"/>
          <line num="134" count="7" type="stmt"/>
          <line num="136" count="0" type="stmt"/>
          <line num="139" count="0" type="stmt"/>
          <line num="143" count="7" type="stmt"/>
          <line num="148" count="1" type="stmt"/>
          <line num="149" count="4" type="stmt"/>
          <line num="151" count="4" type="cond" truecount="1" falsecount="1"/>
          <line num="152" count="0" type="stmt"/>
          <line num="155" count="4" type="stmt"/>
          <line num="157" count="4" type="cond" truecount="1" falsecount="1"/>
          <line num="158" count="0" type="stmt"/>
          <line num="163" count="4" type="stmt"/>
          <line num="165" count="4" type="stmt"/>
          <line num="168" count="1" type="stmt"/>
          <line num="169" count="4" type="stmt"/>
          <line num="170" count="4" type="cond" truecount="1" falsecount="1"/>
          <line num="171" count="0" type="stmt"/>
          <line num="173" count="4" type="stmt"/>
          <line num="175" count="4" type="stmt"/>
          <line num="176" count="4" type="cond" truecount="1" falsecount="1"/>
          <line num="177" count="0" type="stmt"/>
          <line num="182" count="4" type="stmt"/>
          <line num="185" count="1" type="stmt"/>
          <line num="186" count="0" type="stmt"/>
          <line num="187" count="0" type="cond" truecount="0" falsecount="2"/>
          <line num="188" count="0" type="stmt"/>
          <line num="190" count="0" type="stmt"/>
          <line num="191" count="0" type="stmt"/>
          <line num="193" count="0" type="stmt"/>
        </file>
      </package>
    </metrics>
  </project>
</coverage>
