{"/home/travis/build/tinesoft/ngx-storybook-schematics/src/create-storybook/index.ts": {"path":"/home/travis/build/tinesoft/ngx-storybook-schematics/src/create-storybook/index.ts","statementMap":{"0":{"start":{"line":1,"column":0},"end":{"line":12,"column":35}},"1":{"start":{"line":13,"column":0},"end":{"line":13,"column":73}},"2":{"start":{"line":15,"column":0},"end":{"line":22,"column":25}},"3":{"start":{"line":24,"column":0},"end":{"line":27,"column":32}},"4":{"start":{"line":29,"column":0},"end":{"line":29,"column":37}},"5":{"start":{"line":30,"column":0},"end":{"line":30,"column":47}},"6":{"start":{"line":35,"column":2},"end":{"line":43,"column":4}},"7":{"start":{"line":37,"column":4},"end":{"line":42,"column":22}},"8":{"start":{"line":34,"column":0},"end":{"line":44,"column":1}},"9":{"start":{"line":47,"column":2},"end":{"line":75,"column":4}},"10":{"start":{"line":48,"column":4},"end":{"line":54,"column":5}},"11":{"start":{"line":49,"column":6},"end":{"line":49,"column":55}},"12":{"start":{"line":50,"column":6},"end":{"line":50,"column":52}},"13":{"start":{"line":53,"column":6},"end":{"line":53,"column":115}},"14":{"start":{"line":56,"column":28},"end":{"line":72,"column":5}},"15":{"start":{"line":57,"column":41},"end":{"line":57,"column":74}},"16":{"start":{"line":59,"column":34},"end":{"line":59,"column":53}},"17":{"start":{"line":60,"column":8},"end":{"line":62,"column":10}},"18":{"start":{"line":64,"column":8},"end":{"line":68,"column":11}},"19":{"start":{"line":70,"column":8},"end":{"line":70,"column":20}},"20":{"start":{"line":74,"column":4},"end":{"line":74,"column":27}},"21":{"start":{"line":79,"column":2},"end":{"line":89,"column":4}},"22":{"start":{"line":80,"column":4},"end":{"line":80,"column":63}},"23":{"start":{"line":82,"column":24},"end":{"line":82,"column":53}},"24":{"start":{"line":83,"column":27},"end":{"line":86,"column":6}},"25":{"start":{"line":88,"column":4},"end":{"line":88,"column":51}},"26":{"start":{"line":93,"column":2},"end":{"line":97,"column":4}},"27":{"start":{"line":95,"column":4},"end":{"line":95,"column":81}},"28":{"start":{"line":96,"column":4},"end":{"line":96,"column":16}},"29":{"start":{"line":101,"column":2},"end":{"line":106,"column":4}},"30":{"start":{"line":103,"column":28},"end":{"line":103,"column":76}},"31":{"start":{"line":104,"column":4},"end":{"line":104,"column":107}},"32":{"start":{"line":105,"column":4},"end":{"line":105,"column":16}}},"fnMap":{"0":{"name":"default_1","decl":{"start":{"line":34,"column":0},"end":{"line":34,"column":23}},"loc":{"start":{"line":34,"column":55},"end":{"line":44,"column":1}}},"1":{"name":"(anonymous_1)","decl":{"start":{"line":35,"column":9},"end":{"line":35,"column":10}},"loc":{"start":{"line":35,"column":51},"end":{"line":43,"column":3}}},"2":{"name":"updateDependencies","decl":{"start":{"line":46,"column":0},"end":{"line":46,"column":27}},"loc":{"start":{"line":46,"column":59},"end":{"line":76,"column":1}}},"3":{"name":"(anonymous_3)","decl":{"start":{"line":47,"column":9},"end":{"line":47,"column":10}},"loc":{"start":{"line":47,"column":69},"end":{"line":75,"column":3}}},"4":{"name":"(anonymous_4)","decl":{"start":{"line":57,"column":16},"end":{"line":57,"column":17}},"loc":{"start":{"line":57,"column":41},"end":{"line":57,"column":74}}},"5":{"name":"(anonymous_5)","decl":{"start":{"line":58,"column":10},"end":{"line":58,"column":11}},"loc":{"start":{"line":58,"column":47},"end":{"line":71,"column":7}}},"6":{"name":"addStorybookFiles","decl":{"start":{"line":78,"column":0},"end":{"line":78,"column":26}},"loc":{"start":{"line":78,"column":58},"end":{"line":90,"column":1}}},"7":{"name":"(anonymous_7)","decl":{"start":{"line":79,"column":9},"end":{"line":79,"column":10}},"loc":{"start":{"line":79,"column":51},"end":{"line":89,"column":3}}},"8":{"name":"addStorybookScriptToPackageJson","decl":{"start":{"line":92,"column":0},"end":{"line":null,"column":-1}},"loc":{"start":{"line":92,"column":0},"end":{"line":98,"column":1}}},"9":{"name":"(anonymous_9)","decl":{"start":{"line":93,"column":9},"end":{"line":93,"column":10}},"loc":{"start":{"line":93,"column":51},"end":{"line":97,"column":3}}},"10":{"name":"addStorybookExclusionsToAppTsConfigJson","decl":{"start":{"line":100,"column":0},"end":{"line":100,"column":48}},"loc":{"start":{"line":100,"column":80},"end":{"line":107,"column":1}}},"11":{"name":"(anonymous_11)","decl":{"start":{"line":101,"column":9},"end":{"line":101,"column":10}},"loc":{"start":{"line":101,"column":51},"end":{"line":106,"column":3}}}},"branchMap":{"0":{"loc":{"start":{"line":41,"column":48},"end":{"line":41,"column":96}},"type":"cond-expr","locations":[{"start":{"line":41,"column":48},"end":{"line":41,"column":96}},{"start":{"line":41,"column":98},"end":{"line":41,"column":104}}]},"1":{"loc":{"start":{"line":48,"column":4},"end":{"line":54,"column":5}},"type":"if","locations":[{"start":{"line":48,"column":4},"end":{"line":54,"column":5}},{"start":{"line":48,"column":4},"end":{"line":54,"column":5}}]}},"s":{"0":1,"1":1,"2":1,"3":1,"4":1,"5":1,"6":4,"7":4,"8":1,"9":4,"10":4,"11":4,"12":4,"13":0,"14":4,"15":7,"16":7,"17":7,"18":7,"19":6,"20":4,"21":4,"22":3,"23":3,"24":3,"25":3,"26":4,"27":3,"28":3,"29":1,"30":1,"31":1,"32":1},"f":{"0":4,"1":4,"2":4,"3":4,"4":7,"5":7,"6":4,"7":3,"8":4,"9":3,"10":1,"11":1},"b":{"0":[1,3],"1":[4,0]}}
,"/home/travis/build/tinesoft/ngx-storybook-schematics/src/utility/config.ts": {"path":"/home/travis/build/tinesoft/ngx-storybook-schematics/src/utility/config.ts","statementMap":{"0":{"start":{"line":8,"column":0},"end":{"line":8,"column":77}},"1":{"start":{"line":9,"column":0},"end":{"line":9,"column":76}},"2":{"start":{"line":486,"column":24},"end":{"line":486,"column":61}},"3":{"start":{"line":487,"column":15},"end":{"line":487,"column":65}},"4":{"start":{"line":487,"column":44},"end":{"line":487,"column":61}},"5":{"start":{"line":489,"column":2},"end":{"line":489,"column":14}},"6":{"start":{"line":485,"column":0},"end":{"line":490,"column":1}},"7":{"start":{"line":493,"column":15},"end":{"line":493,"column":37}},"8":{"start":{"line":494,"column":23},"end":{"line":494,"column":38}},"9":{"start":{"line":495,"column":2},"end":{"line":497,"column":3}},"10":{"start":{"line":496,"column":4},"end":{"line":496,"column":62}},"11":{"start":{"line":498,"column":18},"end":{"line":498,"column":41}},"12":{"start":{"line":500,"column":2},"end":{"line":500,"column":74}},"13":{"start":{"line":492,"column":0},"end":{"line":501,"column":1}},"14":{"start":{"line":508,"column":2},"end":{"line":523,"column":4}},"15":{"start":{"line":510,"column":4},"end":{"line":512,"column":5}},"16":{"start":{"line":511,"column":6},"end":{"line":511,"column":72}},"17":{"start":{"line":515,"column":4},"end":{"line":515,"column":39}},"18":{"start":{"line":517,"column":4},"end":{"line":520,"column":5}},"19":{"start":{"line":519,"column":6},"end":{"line":519,"column":38}},"20":{"start":{"line":522,"column":4},"end":{"line":522,"column":79}},"21":{"start":{"line":503,"column":0},"end":{"line":524,"column":1}},"22":{"start":{"line":526,"column":13},"end":{"line":526,"column":47}},"23":{"start":{"line":529,"column":23},"end":{"line":529,"column":44}},"24":{"start":{"line":530,"column":2},"end":{"line":532,"column":3}},"25":{"start":{"line":531,"column":4},"end":{"line":531,"column":70}},"26":{"start":{"line":534,"column":17},"end":{"line":534,"column":91}},"27":{"start":{"line":536,"column":2},"end":{"line":536,"column":16}},"28":{"start":{"line":528,"column":0},"end":{"line":537,"column":1}},"29":{"start":{"line":540,"column":2},"end":{"line":542,"column":3}},"30":{"start":{"line":541,"column":4},"end":{"line":541,"column":16}},"31":{"start":{"line":544,"column":2},"end":{"line":546,"column":3}},"32":{"start":{"line":545,"column":4},"end":{"line":545,"column":49}},"33":{"start":{"line":548,"column":2},"end":{"line":548,"column":69}},"34":{"start":{"line":548,"column":37},"end":{"line":548,"column":64}},"35":{"start":{"line":539,"column":0},"end":{"line":549,"column":1}}},"fnMap":{"0":{"name":"getWorkspacePath","decl":{"start":{"line":485,"column":0},"end":{"line":485,"column":32}},"loc":{"start":{"line":485,"column":43},"end":{"line":490,"column":1}}},"1":{"name":"(anonymous_1)","decl":{"start":{"line":487,"column":36},"end":{"line":487,"column":39}},"loc":{"start":{"line":487,"column":44},"end":{"line":487,"column":61}}},"2":{"name":"getWorkspace","decl":{"start":{"line":492,"column":0},"end":{"line":492,"column":28}},"loc":{"start":{"line":492,"column":39},"end":{"line":501,"column":1}}},"3":{"name":"addProjectToWorkspace","decl":{"start":{"line":503,"column":0},"end":{"line":504,"column":1}},"loc":{"start":{"line":506,"column":27},"end":{"line":524,"column":1}}},"4":{"name":"(anonymous_4)","decl":{"start":{"line":508,"column":9},"end":{"line":508,"column":10}},"loc":{"start":{"line":508,"column":24},"end":{"line":523,"column":3}}},"5":{"name":"getConfig","decl":{"start":{"line":528,"column":0},"end":{"line":528,"column":25}},"loc":{"start":{"line":528,"column":36},"end":{"line":537,"column":1}}},"6":{"name":"getAppFromConfig","decl":{"start":{"line":539,"column":0},"end":{"line":539,"column":32}},"loc":{"start":{"line":539,"column":74},"end":{"line":549,"column":1}}},"7":{"name":"(anonymous_7)","decl":{"start":{"line":548,"column":28},"end":{"line":548,"column":29}},"loc":{"start":{"line":548,"column":37},"end":{"line":548,"column":64}}}},"branchMap":{"0":{"loc":{"start":{"line":495,"column":2},"end":{"line":497,"column":3}},"type":"if","locations":[{"start":{"line":495,"column":2},"end":{"line":497,"column":3}},{"start":{"line":495,"column":2},"end":{"line":497,"column":3}}]},"1":{"loc":{"start":{"line":510,"column":4},"end":{"line":512,"column":5}},"type":"if","locations":[{"start":{"line":510,"column":4},"end":{"line":512,"column":5}},{"start":{"line":510,"column":4},"end":{"line":512,"column":5}}]},"2":{"loc":{"start":{"line":517,"column":4},"end":{"line":520,"column":5}},"type":"if","locations":[{"start":{"line":517,"column":4},"end":{"line":520,"column":5}},{"start":{"line":517,"column":4},"end":{"line":520,"column":5}}]},"3":{"loc":{"start":{"line":517,"column":8},"end":{"line":517,"column":33}},"type":"binary-expr","locations":[{"start":{"line":517,"column":8},"end":{"line":517,"column":33}},{"start":{"line":517,"column":37},"end":{"line":517,"column":81}}]},"4":{"loc":{"start":{"line":530,"column":2},"end":{"line":532,"column":3}},"type":"if","locations":[{"start":{"line":530,"column":2},"end":{"line":532,"column":3}},{"start":{"line":530,"column":2},"end":{"line":532,"column":3}}]},"5":{"loc":{"start":{"line":540,"column":2},"end":{"line":542,"column":3}},"type":"if","locations":[{"start":{"line":540,"column":2},"end":{"line":542,"column":3}},{"start":{"line":540,"column":2},"end":{"line":542,"column":3}}]},"6":{"loc":{"start":{"line":544,"column":2},"end":{"line":546,"column":3}},"type":"if","locations":[{"start":{"line":544,"column":2},"end":{"line":546,"column":3}},{"start":{"line":544,"column":2},"end":{"line":546,"column":3}}]}},"s":{"0":1,"1":1,"2":4,"3":4,"4":8,"5":4,"6":1,"7":4,"8":4,"9":4,"10":0,"11":4,"12":4,"13":1,"14":0,"15":0,"16":0,"17":0,"18":0,"19":0,"20":0,"21":1,"22":1,"23":0,"24":0,"25":0,"26":0,"27":0,"28":1,"29":0,"30":0,"31":0,"32":0,"33":0,"34":0,"35":1},"f":{"0":4,"1":8,"2":4,"3":0,"4":0,"5":0,"6":0,"7":0},"b":{"0":[0,4],"1":[0,0],"2":[0,0],"3":[0,0],"4":[0,0],"5":[0,0],"6":[0,0]}}
,"/home/travis/build/tinesoft/ngx-storybook-schematics/src/utility/dependencies.ts": {"path":"/home/travis/build/tinesoft/ngx-storybook-schematics/src/utility/dependencies.ts","statementMap":{"0":{"start":{"line":8,"column":0},"end":{"line":8,"column":81}},"1":{"start":{"line":9,"column":0},"end":{"line":9,"column":70}},"2":{"start":{"line":10,"column":0},"end":{"line":14,"column":22}},"3":{"start":{"line":17,"column":20},"end":{"line":17,"column":35}},"4":{"start":{"line":18,"column":0},"end":{"line":23,"column":1}},"5":{"start":{"line":19,"column":2},"end":{"line":19,"column":26}},"6":{"start":{"line":20,"column":2},"end":{"line":20,"column":25}},"7":{"start":{"line":21,"column":2},"end":{"line":21,"column":27}},"8":{"start":{"line":22,"column":2},"end":{"line":22,"column":35}},"9":{"start":{"line":33,"column":25},"end":{"line":33,"column":47}},"10":{"start":{"line":34,"column":19},"end":{"line":34,"column":75}},"11":{"start":{"line":35,"column":19},"end":{"line":35,"column":48}},"12":{"start":{"line":36,"column":2},"end":{"line":60,"column":3}},"13":{"start":{"line":38,"column":4},"end":{"line":40,"column":10}},"14":{"start":{"line":41,"column":9},"end":{"line":60,"column":3}},"15":{"start":{"line":43,"column":20},"end":{"line":43,"column":70}},"16":{"start":{"line":45,"column":4},"end":{"line":59,"column":5}},"17":{"start":{"line":47,"column":6},"end":{"line":53,"column":8}},"18":{"start":{"line":54,"column":11},"end":{"line":59,"column":5}},"19":{"start":{"line":56,"column":29},"end":{"line":56,"column":36}},"20":{"start":{"line":57,"column":6},"end":{"line":57,"column":63}},"21":{"start":{"line":58,"column":6},"end":{"line":58,"column":77}},"22":{"start":{"line":62,"column":2},"end":{"line":62,"column":30}},"23":{"start":{"line":32,"column":0},"end":{"line":63,"column":1}},"24":{"start":{"line":66,"column":22},"end":{"line":66,"column":44}},"25":{"start":{"line":67,"column":35},"end":{"line":67,"column":39}},"26":{"start":{"line":68,"column":2},"end":{"line":89,"column":5}},"27":{"start":{"line":74,"column":4},"end":{"line":76,"column":5}},"28":{"start":{"line":75,"column":6},"end":{"line":75,"column":13}},"29":{"start":{"line":77,"column":21},"end":{"line":77,"column":66}},"30":{"start":{"line":78,"column":4},"end":{"line":88,"column":5}},"31":{"start":{"line":79,"column":22},"end":{"line":79,"column":61}},"32":{"start":{"line":80,"column":6},"end":{"line":87,"column":7}},"33":{"start":{"line":81,"column":24},"end":{"line":81,"column":37}},"34":{"start":{"line":82,"column":8},"end":{"line":86,"column":10}},"35":{"start":{"line":91,"column":2},"end":{"line":91,"column":13}},"36":{"start":{"line":65,"column":0},"end":{"line":92,"column":1}},"37":{"start":{"line":95,"column":17},"end":{"line":95,"column":39}},"38":{"start":{"line":96,"column":2},"end":{"line":98,"column":3}},"39":{"start":{"line":97,"column":4},"end":{"line":97,"column":66}},"40":{"start":{"line":99,"column":18},"end":{"line":99,"column":35}},"41":{"start":{"line":101,"column":22},"end":{"line":101,"column":65}},"42":{"start":{"line":102,"column":2},"end":{"line":104,"column":3}},"43":{"start":{"line":103,"column":4},"end":{"line":103,"column":83}},"44":{"start":{"line":106,"column":2},"end":{"line":106,"column":21}}},"fnMap":{"0":{"name":"(anonymous_0)","decl":{"start":{"line":18,"column":0},"end":{"line":18,"column":11}},"loc":{"start":{"line":18,"column":30},"end":{"line":23,"column":1}}},"1":{"name":"addPackageJsonDependency","decl":{"start":{"line":32,"column":0},"end":{"line":32,"column":40}},"loc":{"start":{"line":32,"column":79},"end":{"line":63,"column":1}}},"2":{"name":"getPackageJsonDependency","decl":{"start":{"line":65,"column":0},"end":{"line":65,"column":40}},"loc":{"start":{"line":65,"column":65},"end":{"line":92,"column":1}}},"3":{"name":"(anonymous_3)","decl":{"start":{"line":73,"column":12},"end":{"line":73,"column":18}},"loc":{"start":{"line":73,"column":22},"end":{"line":89,"column":3}}},"4":{"name":"_readPackageJson","decl":{"start":{"line":94,"column":0},"end":{"line":94,"column":25}},"loc":{"start":{"line":94,"column":36},"end":{"line":107,"column":1}}}},"branchMap":{"0":{"loc":{"start":{"line":18,"column":12},"end":{"line":18,"column":30}},"type":"binary-expr","locations":[{"start":{"line":18,"column":12},"end":{"line":18,"column":30}},{"start":{"line":18,"column":12},"end":{"line":18,"column":30}}]},"1":{"loc":{"start":{"line":36,"column":2},"end":{"line":60,"column":3}},"type":"if","locations":[{"start":{"line":36,"column":2},"end":{"line":60,"column":3}},{"start":{"line":36,"column":2},"end":{"line":60,"column":3}}]},"2":{"loc":{"start":{"line":41,"column":9},"end":{"line":60,"column":3}},"type":"if","locations":[{"start":{"line":41,"column":9},"end":{"line":60,"column":3}},{"start":{"line":41,"column":9},"end":{"line":60,"column":3}}]},"3":{"loc":{"start":{"line":45,"column":4},"end":{"line":59,"column":5}},"type":"if","locations":[{"start":{"line":45,"column":4},"end":{"line":59,"column":5}},{"start":{"line":45,"column":4},"end":{"line":59,"column":5}}]},"4":{"loc":{"start":{"line":54,"column":11},"end":{"line":59,"column":5}},"type":"if","locations":[{"start":{"line":54,"column":11},"end":{"line":59,"column":5}},{"start":{"line":54,"column":11},"end":{"line":59,"column":5}}]},"5":{"loc":{"start":{"line":74,"column":4},"end":{"line":76,"column":5}},"type":"if","locations":[{"start":{"line":74,"column":4},"end":{"line":76,"column":5}},{"start":{"line":74,"column":4},"end":{"line":76,"column":5}}]},"6":{"loc":{"start":{"line":78,"column":4},"end":{"line":88,"column":5}},"type":"if","locations":[{"start":{"line":78,"column":4},"end":{"line":88,"column":5}},{"start":{"line":78,"column":4},"end":{"line":88,"column":5}}]},"7":{"loc":{"start":{"line":78,"column":8},"end":{"line":78,"column":25}},"type":"binary-expr","locations":[{"start":{"line":78,"column":8},"end":{"line":78,"column":25}},{"start":{"line":78,"column":29},"end":{"line":78,"column":55}}]},"8":{"loc":{"start":{"line":80,"column":6},"end":{"line":87,"column":7}},"type":"if","locations":[{"start":{"line":80,"column":6},"end":{"line":87,"column":7}},{"start":{"line":80,"column":6},"end":{"line":87,"column":7}}]},"9":{"loc":{"start":{"line":80,"column":10},"end":{"line":80,"column":26}},"type":"binary-expr","locations":[{"start":{"line":80,"column":10},"end":{"line":80,"column":26}},{"start":{"line":80,"column":30},"end":{"line":80,"column":55}}]},"10":{"loc":{"start":{"line":96,"column":2},"end":{"line":98,"column":3}},"type":"if","locations":[{"start":{"line":96,"column":2},"end":{"line":98,"column":3}},{"start":{"line":96,"column":2},"end":{"line":98,"column":3}}]},"11":{"loc":{"start":{"line":102,"column":2},"end":{"line":104,"column":3}},"type":"if","locations":[{"start":{"line":102,"column":2},"end":{"line":104,"column":3}},{"start":{"line":102,"column":2},"end":{"line":104,"column":3}}]}},"s":{"0":1,"1":1,"2":1,"3":1,"4":1,"5":1,"6":1,"7":1,"8":1,"9":7,"10":6,"11":6,"12":6,"13":0,"14":6,"15":6,"16":6,"17":6,"18":0,"19":0,"20":0,"21":0,"22":6,"23":1,"24":0,"25":0,"26":0,"27":0,"28":0,"29":0,"30":0,"31":0,"32":0,"33":0,"34":0,"35":0,"36":1,"37":7,"38":7,"39":1,"40":6,"41":6,"42":6,"43":0,"44":6},"f":{"0":1,"1":7,"2":0,"3":0,"4":7},"b":{"0":[1,1],"1":[0,6],"2":[6,0],"3":[6,0],"4":[0,0],"5":[0,0],"6":[0,0],"7":[0,0],"8":[0,0],"9":[0,0],"10":[1,6],"11":[0,6]}}
,"/home/travis/build/tinesoft/ngx-storybook-schematics/src/utility/json-utils.ts": {"path":"/home/travis/build/tinesoft/ngx-storybook-schematics/src/utility/json-utils.ts","statementMap":{"0":{"start":{"line":24,"column":20},"end":{"line":24,"column":40}},"1":{"start":{"line":26,"column":2},"end":{"line":30,"column":3}},"2":{"start":{"line":28,"column":17},"end":{"line":28,"column":60}},"3":{"start":{"line":29,"column":4},"end":{"line":29,"column":88}},"4":{"start":{"line":32,"column":2},"end":{"line":37,"column":4}},"5":{"start":{"line":17,"column":0},"end":{"line":38,"column":1}},"6":{"start":{"line":48,"column":2},"end":{"line":52,"column":3}},"7":{"start":{"line":49,"column":4},"end":{"line":49,"column":75}},"8":{"start":{"line":51,"column":4},"end":{"line":51,"column":11}},"9":{"start":{"line":55,"column":48},"end":{"line":55,"column":52}},"10":{"start":{"line":56,"column":37},"end":{"line":56,"column":41}},"11":{"start":{"line":57,"column":19},"end":{"line":57,"column":24}},"12":{"start":{"line":58,"column":15},"end":{"line":58,"column":58}},"13":{"start":{"line":59,"column":2},"end":{"line":71,"column":3}},"14":{"start":{"line":60,"column":4},"end":{"line":65,"column":5}},"15":{"start":{"line":61,"column":6},"end":{"line":63,"column":7}},"16":{"start":{"line":62,"column":8},"end":{"line":62,"column":31}},"17":{"start":{"line":64,"column":6},"end":{"line":64,"column":12}},"18":{"start":{"line":66,"column":4},"end":{"line":69,"column":5}},"19":{"start":{"line":67,"column":6},"end":{"line":67,"column":24}},"20":{"start":{"line":68,"column":6},"end":{"line":68,"column":29}},"21":{"start":{"line":70,"column":4},"end":{"line":70,"column":16}},"22":{"start":{"line":73,"column":2},"end":{"line":77,"column":3}},"23":{"start":{"line":74,"column":4},"end":{"line":74,"column":75}},"24":{"start":{"line":76,"column":4},"end":{"line":76,"column":11}},"25":{"start":{"line":79,"column":20},"end":{"line":79,"column":40}},"26":{"start":{"line":81,"column":22},"end":{"line":83,"column":36}},"27":{"start":{"line":85,"column":2},"end":{"line":90,"column":4}},"28":{"start":{"line":40,"column":0},"end":{"line":91,"column":1}},"29":{"start":{"line":100,"column":20},"end":{"line":100,"column":40}},"30":{"start":{"line":102,"column":2},"end":{"line":106,"column":3}},"31":{"start":{"line":104,"column":17},"end":{"line":104,"column":56}},"32":{"start":{"line":105,"column":4},"end":{"line":105,"column":88}},"33":{"start":{"line":108,"column":2},"end":{"line":113,"column":4}},"34":{"start":{"line":94,"column":0},"end":{"line":114,"column":1}},"35":{"start":{"line":121,"column":38},"end":{"line":121,"column":42}},"36":{"start":{"line":122,"column":2},"end":{"line":126,"column":3}},"37":{"start":{"line":123,"column":4},"end":{"line":125,"column":5}},"38":{"start":{"line":124,"column":6},"end":{"line":124,"column":33}},"39":{"start":{"line":128,"column":2},"end":{"line":128,"column":19}},"40":{"start":{"line":117,"column":0},"end":{"line":129,"column":1}},"41":{"start":{"line":132,"column":2},"end":{"line":132,"column":47}}},"fnMap":{"0":{"name":"appendPropertyInAstObject","decl":{"start":{"line":17,"column":0},"end":{"line":18,"column":1}},"loc":{"start":{"line":22,"column":16},"end":{"line":38,"column":1}}},"1":{"name":"insertPropertyInAstObjectInOrder","decl":{"start":{"line":40,"column":0},"end":{"line":41,"column":1}},"loc":{"start":{"line":45,"column":16},"end":{"line":91,"column":1}}},"2":{"name":"appendValueInAstArray","decl":{"start":{"line":94,"column":0},"end":{"line":95,"column":1}},"loc":{"start":{"line":98,"column":12},"end":{"line":114,"column":1}}},"3":{"name":"findPropertyInAstObject","decl":{"start":{"line":117,"column":0},"end":{"line":118,"column":1}},"loc":{"start":{"line":119,"column":22},"end":{"line":129,"column":1}}},"4":{"name":"_buildIndent","decl":{"start":{"line":131,"column":0},"end":{"line":131,"column":21}},"loc":{"start":{"line":131,"column":35},"end":{"line":133,"column":1}}}},"branchMap":{"0":{"loc":{"start":{"line":26,"column":2},"end":{"line":30,"column":3}},"type":"if","locations":[{"start":{"line":26,"column":2},"end":{"line":30,"column":3}},{"start":{"line":26,"column":2},"end":{"line":30,"column":3}}]},"1":{"loc":{"start":{"line":48,"column":2},"end":{"line":52,"column":3}},"type":"if","locations":[{"start":{"line":48,"column":2},"end":{"line":52,"column":3}},{"start":{"line":48,"column":2},"end":{"line":52,"column":3}}]},"2":{"loc":{"start":{"line":60,"column":4},"end":{"line":65,"column":5}},"type":"if","locations":[{"start":{"line":60,"column":4},"end":{"line":65,"column":5}},{"start":{"line":60,"column":4},"end":{"line":65,"column":5}}]},"3":{"loc":{"start":{"line":61,"column":6},"end":{"line":63,"column":7}},"type":"if","locations":[{"start":{"line":61,"column":6},"end":{"line":63,"column":7}},{"start":{"line":61,"column":6},"end":{"line":63,"column":7}}]},"4":{"loc":{"start":{"line":66,"column":4},"end":{"line":69,"column":5}},"type":"if","locations":[{"start":{"line":66,"column":4},"end":{"line":69,"column":5}},{"start":{"line":66,"column":4},"end":{"line":69,"column":5}}]},"5":{"loc":{"start":{"line":73,"column":2},"end":{"line":77,"column":3}},"type":"if","locations":[{"start":{"line":73,"column":2},"end":{"line":77,"column":3}},{"start":{"line":73,"column":2},"end":{"line":77,"column":3}}]},"6":{"loc":{"start":{"line":82,"column":6},"end":{"line":82,"column":27}},"type":"cond-expr","locations":[{"start":{"line":82,"column":6},"end":{"line":82,"column":27}},{"start":{"line":83,"column":6},"end":{"line":83,"column":36}}]},"7":{"loc":{"start":{"line":98,"column":11},"end":{"line":98,"column":12}},"type":"default-arg","locations":[{"start":{"line":98,"column":11},"end":{"line":98,"column":12}}]},"8":{"loc":{"start":{"line":102,"column":2},"end":{"line":106,"column":3}},"type":"if","locations":[{"start":{"line":102,"column":2},"end":{"line":106,"column":3}},{"start":{"line":102,"column":2},"end":{"line":106,"column":3}}]},"9":{"loc":{"start":{"line":123,"column":4},"end":{"line":125,"column":5}},"type":"if","locations":[{"start":{"line":123,"column":4},"end":{"line":125,"column":5}},{"start":{"line":123,"column":4},"end":{"line":125,"column":5}}]}},"s":{"0":1,"1":1,"2":1,"3":1,"4":1,"5":1,"6":9,"7":0,"8":0,"9":9,"10":9,"11":9,"12":9,"13":9,"14":33,"15":9,"16":9,"17":9,"18":24,"19":0,"20":0,"21":24,"22":9,"23":0,"24":0,"25":9,"26":9,"27":9,"28":1,"29":0,"30":0,"31":0,"32":0,"33":0,"34":1,"35":19,"36":19,"37":192,"38":9,"39":19,"40":1,"41":10},"f":{"0":1,"1":9,"2":0,"3":19,"4":10},"b":{"0":[1,0],"1":[0,9],"2":[9,24],"3":[9,0],"4":[0,24],"5":[0,9],"6":[0,9],"7":[0],"8":[0,0],"9":[9,183]}}
,"/home/travis/build/tinesoft/ngx-storybook-schematics/src/utility/utils.ts": {"path":"/home/travis/build/tinesoft/ngx-storybook-schematics/src/utility/utils.ts","statementMap":{"0":{"start":{"line":1,"column":0},"end":{"line":8,"column":29}},"1":{"start":{"line":10,"column":0},"end":{"line":14,"column":35}},"2":{"start":{"line":16,"column":0},"end":{"line":21,"column":21}},"3":{"start":{"line":23,"column":0},"end":{"line":23,"column":32}},"4":{"start":{"line":25,"column":0},"end":{"line":25,"column":26}},"5":{"start":{"line":26,"column":0},"end":{"line":26,"column":39}},"6":{"start":{"line":34,"column":13},"end":{"line":41,"column":1}},"7":{"start":{"line":44,"column":2},"end":{"line":49,"column":3}},"8":{"start":{"line":45,"column":4},"end":{"line":45,"column":22}},"9":{"start":{"line":46,"column":4},"end":{"line":46,"column":16}},"10":{"start":{"line":48,"column":4},"end":{"line":48,"column":17}},"11":{"start":{"line":43,"column":0},"end":{"line":50,"column":1}},"12":{"start":{"line":58,"column":2},"end":{"line":58,"column":82}},"13":{"start":{"line":52,"column":0},"end":{"line":59,"column":1}},"14":{"start":{"line":70,"column":18},"end":{"line":70,"column":45}},"15":{"start":{"line":71,"column":19},"end":{"line":71,"column":65}},"16":{"start":{"line":72,"column":19},"end":{"line":72,"column":45}},"17":{"start":{"line":74,"column":2},"end":{"line":112,"column":3}},"18":{"start":{"line":76,"column":4},"end":{"line":82,"column":6}},"19":{"start":{"line":83,"column":9},"end":{"line":112,"column":3}},"20":{"start":{"line":85,"column":4},"end":{"line":108,"column":5}},"21":{"start":{"line":86,"column":24},"end":{"line":86,"column":62}},"22":{"start":{"line":88,"column":6},"end":{"line":107,"column":7}},"23":{"start":{"line":90,"column":8},"end":{"line":90,"column":62}},"24":{"start":{"line":92,"column":8},"end":{"line":98,"column":10}},"25":{"start":{"line":101,"column":8},"end":{"line":101,"column":65}},"26":{"start":{"line":103,"column":31},"end":{"line":103,"column":40}},"27":{"start":{"line":105,"column":8},"end":{"line":105,"column":65}},"28":{"start":{"line":106,"column":8},"end":{"line":106,"column":66}},"29":{"start":{"line":110,"column":7},"end":{"line":112,"column":3}},"30":{"start":{"line":111,"column":4},"end":{"line":111,"column":61}},"31":{"start":{"line":114,"column":2},"end":{"line":114,"column":30}},"32":{"start":{"line":62,"column":0},"end":{"line":115,"column":1}},"33":{"start":{"line":123,"column":26},"end":{"line":123,"column":34}},"34":{"start":{"line":125,"column":2},"end":{"line":140,"column":5}},"35":{"start":{"line":126,"column":4},"end":{"line":139,"column":61}},"36":{"start":{"line":127,"column":20},"end":{"line":127,"column":22}},"37":{"start":{"line":128,"column":6},"end":{"line":128,"column":52}},"38":{"start":{"line":128,"column":33},"end":{"line":128,"column":49}},"39":{"start":{"line":129,"column":6},"end":{"line":138,"column":9}},"40":{"start":{"line":130,"column":8},"end":{"line":137,"column":9}},"41":{"start":{"line":131,"column":27},"end":{"line":131,"column":46}},"42":{"start":{"line":132,"column":26},"end":{"line":132,"column":65}},"43":{"start":{"line":134,"column":10},"end":{"line":134,"column":61}},"44":{"start":{"line":136,"column":10},"end":{"line":136,"column":45}},"45":{"start":{"line":139,"column":25},"end":{"line":139,"column":59}},"46":{"start":{"line":143,"column":4},"end":{"line":143,"column":29}},"47":{"start":{"line":122,"column":0},"end":{"line":145,"column":1}},"48":{"start":{"line":149,"column":20},"end":{"line":149,"column":38}},"49":{"start":{"line":151,"column":2},"end":{"line":153,"column":3}},"50":{"start":{"line":152,"column":4},"end":{"line":152,"column":67}},"51":{"start":{"line":155,"column":18},"end":{"line":155,"column":53}},"52":{"start":{"line":157,"column":2},"end":{"line":161,"column":3}},"53":{"start":{"line":158,"column":4},"end":{"line":160,"column":6}},"54":{"start":{"line":163,"column":22},"end":{"line":163,"column":61}},"55":{"start":{"line":165,"column":2},"end":{"line":165,"column":21}},"56":{"start":{"line":148,"column":0},"end":{"line":166,"column":1}},"57":{"start":{"line":169,"column":17},"end":{"line":169,"column":32}},"58":{"start":{"line":170,"column":2},"end":{"line":172,"column":3}},"59":{"start":{"line":171,"column":4},"end":{"line":171,"column":73}},"60":{"start":{"line":173,"column":18},"end":{"line":173,"column":35}},"61":{"start":{"line":175,"column":22},"end":{"line":175,"column":65}},"62":{"start":{"line":176,"column":2},"end":{"line":180,"column":3}},"63":{"start":{"line":177,"column":4},"end":{"line":179,"column":6}},"64":{"start":{"line":182,"column":2},"end":{"line":182,"column":21}},"65":{"start":{"line":168,"column":0},"end":{"line":183,"column":1}},"66":{"start":{"line":186,"column":17},"end":{"line":186,"column":32}},"67":{"start":{"line":187,"column":2},"end":{"line":189,"column":3}},"68":{"start":{"line":188,"column":4},"end":{"line":188,"column":71}},"69":{"start":{"line":190,"column":18},"end":{"line":190,"column":35}},"70":{"start":{"line":191,"column":17},"end":{"line":191,"column":81}},"71":{"start":{"line":193,"column":2},"end":{"line":193,"column":16}},"72":{"start":{"line":185,"column":0},"end":{"line":194,"column":1}}},"fnMap":{"0":{"name":"safeFileDelete","decl":{"start":{"line":43,"column":0},"end":{"line":43,"column":30}},"loc":{"start":{"line":43,"column":55},"end":{"line":50,"column":1}}},"1":{"name":"addPropertyToPackageJson","decl":{"start":{"line":52,"column":0},"end":{"line":53,"column":1}},"loc":{"start":{"line":56,"column":42},"end":{"line":59,"column":1}}},"2":{"name":"addPropertyToJsonAst","decl":{"start":{"line":62,"column":0},"end":{"line":63,"column":1}},"loc":{"start":{"line":68,"column":23},"end":{"line":115,"column":1}}},"3":{"name":"getLatestNodeVersion","decl":{"start":{"line":122,"column":0},"end":{"line":122,"column":36}},"loc":{"start":{"line":122,"column":56},"end":{"line":145,"column":1}}},"4":{"name":"(anonymous_4)","decl":{"start":{"line":125,"column":21},"end":{"line":125,"column":22}},"loc":{"start":{"line":125,"column":33},"end":{"line":140,"column":3}}},"5":{"name":"(anonymous_5)","decl":{"start":{"line":126,"column":59},"end":{"line":126,"column":60}},"loc":{"start":{"line":126,"column":67},"end":{"line":139,"column":5}}},"6":{"name":"(anonymous_6)","decl":{"start":{"line":128,"column":21},"end":{"line":128,"column":22}},"loc":{"start":{"line":128,"column":33},"end":{"line":128,"column":49}}},"7":{"name":"(anonymous_7)","decl":{"start":{"line":129,"column":20},"end":{"line":129,"column":22}},"loc":{"start":{"line":129,"column":25},"end":{"line":138,"column":7}}},"8":{"name":"(anonymous_8)","decl":{"start":{"line":139,"column":19},"end":{"line":139,"column":21}},"loc":{"start":{"line":139,"column":25},"end":{"line":139,"column":59}}},"9":{"name":"buildPackage","decl":{"start":{"line":142,"column":2},"end":{"line":142,"column":23}},"loc":{"start":{"line":142,"column":71},"end":{"line":144,"column":3}}},"10":{"name":"getProjectPath","decl":{"start":{"line":148,"column":0},"end":{"line":148,"column":30}},"loc":{"start":{"line":148,"column":78},"end":{"line":166,"column":1}}},"11":{"name":"getJsonFile","decl":{"start":{"line":168,"column":0},"end":{"line":168,"column":27}},"loc":{"start":{"line":168,"column":52},"end":{"line":183,"column":1}}},"12":{"name":"getTsSourceFile","decl":{"start":{"line":185,"column":0},"end":{"line":185,"column":31}},"loc":{"start":{"line":185,"column":56},"end":{"line":194,"column":1}}}},"branchMap":{"0":{"loc":{"start":{"line":44,"column":2},"end":{"line":49,"column":3}},"type":"if","locations":[{"start":{"line":44,"column":2},"end":{"line":49,"column":3}},{"start":{"line":44,"column":2},"end":{"line":49,"column":3}}]},"1":{"loc":{"start":{"line":68,"column":18},"end":{"line":68,"column":23}},"type":"default-arg","locations":[{"start":{"line":68,"column":18},"end":{"line":68,"column":23}}]},"2":{"loc":{"start":{"line":74,"column":2},"end":{"line":112,"column":3}},"type":"if","locations":[{"start":{"line":74,"column":2},"end":{"line":112,"column":3}},{"start":{"line":74,"column":2},"end":{"line":112,"column":3}}]},"3":{"loc":{"start":{"line":83,"column":9},"end":{"line":112,"column":3}},"type":"if","locations":[{"start":{"line":83,"column":9},"end":{"line":112,"column":3}},{"start":{"line":83,"column":9},"end":{"line":112,"column":3}}]},"4":{"loc":{"start":{"line":88,"column":6},"end":{"line":107,"column":7}},"type":"if","locations":[{"start":{"line":88,"column":6},"end":{"line":107,"column":7}},{"start":{"line":88,"column":6},"end":{"line":107,"column":7}}]},"5":{"loc":{"start":{"line":110,"column":7},"end":{"line":112,"column":3}},"type":"if","locations":[{"start":{"line":110,"column":7},"end":{"line":112,"column":3}},{"start":{"line":110,"column":7},"end":{"line":112,"column":3}}]},"6":{"loc":{"start":{"line":110,"column":10},"end":{"line":110,"column":35}},"type":"binary-expr","locations":[{"start":{"line":110,"column":10},"end":{"line":110,"column":35}},{"start":{"line":110,"column":39},"end":{"line":110,"column":52}}]},"7":{"loc":{"start":{"line":132,"column":26},"end":{"line":132,"column":34}},"type":"binary-expr","locations":[{"start":{"line":132,"column":26},"end":{"line":132,"column":34}},{"start":{"line":132,"column":38},"end":{"line":132,"column":59}},{"start":{"line":132,"column":63},"end":{"line":132,"column":65}}]},"8":{"loc":{"start":{"line":142,"column":56},"end":{"line":142,"column":71}},"type":"default-arg","locations":[{"start":{"line":142,"column":56},"end":{"line":142,"column":71}}]},"9":{"loc":{"start":{"line":151,"column":2},"end":{"line":153,"column":3}},"type":"if","locations":[{"start":{"line":151,"column":2},"end":{"line":153,"column":3}},{"start":{"line":151,"column":2},"end":{"line":153,"column":3}}]},"10":{"loc":{"start":{"line":157,"column":2},"end":{"line":161,"column":3}},"type":"if","locations":[{"start":{"line":157,"column":2},"end":{"line":161,"column":3}},{"start":{"line":157,"column":2},"end":{"line":161,"column":3}}]},"11":{"loc":{"start":{"line":170,"column":2},"end":{"line":172,"column":3}},"type":"if","locations":[{"start":{"line":170,"column":2},"end":{"line":172,"column":3}},{"start":{"line":170,"column":2},"end":{"line":172,"column":3}}]},"12":{"loc":{"start":{"line":176,"column":2},"end":{"line":180,"column":3}},"type":"if","locations":[{"start":{"line":176,"column":2},"end":{"line":180,"column":3}},{"start":{"line":176,"column":2},"end":{"line":180,"column":3}}]},"13":{"loc":{"start":{"line":187,"column":2},"end":{"line":189,"column":3}},"type":"if","locations":[{"start":{"line":187,"column":2},"end":{"line":189,"column":3}},{"start":{"line":187,"column":2},"end":{"line":189,"column":3}}]}},"s":{"0":1,"1":1,"2":1,"3":1,"4":1,"5":1,"6":1,"7":0,"8":0,"9":0,"10":0,"11":1,"12":3,"13":1,"14":4,"15":4,"16":4,"17":4,"18":1,"19":3,"20":3,"21":3,"22":3,"23":3,"24":3,"25":0,"26":0,"27":0,"28":0,"29":0,"30":0,"31":4,"32":1,"33":7,"34":7,"35":7,"36":7,"37":7,"38":141,"39":7,"40":7,"41":7,"42":7,"43":7,"44":0,"45":0,"46":7,"47":1,"48":4,"49":4,"50":0,"51":4,"52":4,"53":0,"54":4,"55":4,"56":1,"57":4,"58":4,"59":0,"60":4,"61":4,"62":4,"63":0,"64":4,"65":1,"66":0,"67":0,"68":0,"69":0,"70":0,"71":0,"72":1},"f":{"0":0,"1":3,"2":4,"3":7,"4":7,"5":7,"6":141,"7":7,"8":0,"9":7,"10":4,"11":4,"12":0},"b":{"0":[0,0],"1":[3],"2":[1,3],"3":[3,0],"4":[3,0],"5":[0,0],"6":[0,0],"7":[7,7,0],"8":[0],"9":[0,4],"10":[0,4],"11":[0,4],"12":[0,4],"13":[0,0]}}
}
