TN:
SF:/home/travis/build/tinesoft/ngx-storybook-schematics/src/create-storybook/index.ts
FN:34,default_1
FN:35,(anonymous_1)
FN:46,updateDependencies
FN:47,(anonymous_3)
FN:57,(anonymous_4)
FN:58,(anonymous_5)
FN:78,addStorybookFiles
FN:79,(anonymous_7)
FN:92,addStorybookScriptToPackageJson
FN:93,(anonymous_9)
FN:100,addStorybookExclusionsToAppTsConfigJson
FN:101,(anonymous_11)
FNF:12
FNH:12
FNDA:4,default_1
FNDA:4,(anonymous_1)
FNDA:4,updateDependencies
FNDA:4,(anonymous_3)
FNDA:7,(anonymous_4)
FNDA:7,(anonymous_5)
FNDA:4,addStorybookFiles
FNDA:3,(anonymous_7)
FNDA:4,addStorybookScriptToPackageJson
FNDA:3,(anonymous_9)
FNDA:1,addStorybookExclusionsToAppTsConfigJson
FNDA:1,(anonymous_11)
DA:1,1
DA:13,1
DA:15,1
DA:24,1
DA:29,1
DA:30,1
DA:34,1
DA:35,4
DA:37,4
DA:47,4
DA:48,4
DA:49,4
DA:50,4
DA:53,0
DA:56,4
DA:57,7
DA:59,7
DA:60,7
DA:64,7
DA:70,6
DA:74,4
DA:79,4
DA:80,3
DA:82,3
DA:83,3
DA:88,3
DA:93,4
DA:95,3
DA:96,3
DA:101,1
DA:103,1
DA:104,1
DA:105,1
LF:33
LH:32
BRDA:41,0,0,1
BRDA:41,0,1,3
BRDA:48,1,0,4
BRDA:48,1,1,0
BRF:4
BRH:3
end_of_record
TN:
SF:/home/travis/build/tinesoft/ngx-storybook-schematics/src/utility/config.ts
FN:485,getWorkspacePath
FN:487,(anonymous_1)
FN:492,getWorkspace
FN:503,addProjectToWorkspace
FN:508,(anonymous_4)
FN:528,getConfig
FN:539,getAppFromConfig
FN:548,(anonymous_7)
FNF:8
FNH:3
FNDA:4,getWorkspacePath
FNDA:8,(anonymous_1)
FNDA:4,getWorkspace
FNDA:0,addProjectToWorkspace
FNDA:0,(anonymous_4)
FNDA:0,getConfig
FNDA:0,getAppFromConfig
FNDA:0,(anonymous_7)
DA:8,1
DA:9,1
DA:485,1
DA:486,4
DA:487,8
DA:489,4
DA:492,1
DA:493,4
DA:494,4
DA:495,4
DA:496,0
DA:498,4
DA:500,4
DA:503,1
DA:508,0
DA:510,0
DA:511,0
DA:515,0
DA:517,0
DA:519,0
DA:522,0
DA:526,1
DA:528,1
DA:529,0
DA:530,0
DA:531,0
DA:534,0
DA:536,0
DA:539,1
DA:540,0
DA:541,0
DA:544,0
DA:545,0
DA:548,0
LF:34
LH:16
BRDA:495,0,0,0
BRDA:495,0,1,4
BRDA:510,1,0,0
BRDA:510,1,1,0
BRDA:517,2,0,0
BRDA:517,2,1,0
BRDA:517,3,0,0
BRDA:517,3,1,0
BRDA:530,4,0,0
BRDA:530,4,1,0
BRDA:540,5,0,0
BRDA:540,5,1,0
BRDA:544,6,0,0
BRDA:544,6,1,0
BRF:14
BRH:1
end_of_record
TN:
SF:/home/travis/build/tinesoft/ngx-storybook-schematics/src/utility/dependencies.ts
FN:18,(anonymous_0)
FN:32,addPackageJsonDependency
FN:65,getPackageJsonDependency
FN:73,(anonymous_3)
FN:94,_readPackageJson
FNF:5
FNH:3
FNDA:1,(anonymous_0)
FNDA:7,addPackageJsonDependency
FNDA:0,getPackageJsonDependency
FNDA:0,(anonymous_3)
FNDA:7,_readPackageJson
DA:8,1
DA:9,1
DA:10,1
DA:17,1
DA:18,1
DA:19,1
DA:20,1
DA:21,1
DA:22,1
DA:32,1
DA:33,7
DA:34,6
DA:35,6
DA:36,6
DA:38,0
DA:41,6
DA:43,6
DA:45,6
DA:47,6
DA:54,0
DA:56,0
DA:57,0
DA:58,0
DA:62,6
DA:65,1
DA:66,0
DA:67,0
DA:68,0
DA:74,0
DA:75,0
DA:77,0
DA:78,0
DA:79,0
DA:80,0
DA:81,0
DA:82,0
DA:91,0
DA:95,7
DA:96,7
DA:97,1
DA:99,6
DA:101,6
DA:102,6
DA:103,0
DA:106,6
LF:45
LH:27
BRDA:18,0,0,1
BRDA:18,0,1,1
BRDA:36,1,0,0
BRDA:36,1,1,6
BRDA:41,2,0,6
BRDA:41,2,1,0
BRDA:45,3,0,6
BRDA:45,3,1,0
BRDA:54,4,0,0
BRDA:54,4,1,0
BRDA:74,5,0,0
BRDA:74,5,1,0
BRDA:78,6,0,0
BRDA:78,6,1,0
BRDA:78,7,0,0
BRDA:78,7,1,0
BRDA:80,8,0,0
BRDA:80,8,1,0
BRDA:80,9,0,0
BRDA:80,9,1,0
BRDA:96,10,0,1
BRDA:96,10,1,6
BRDA:102,11,0,0
BRDA:102,11,1,6
BRF:24
BRH:8
end_of_record
TN:
SF:/home/travis/build/tinesoft/ngx-storybook-schematics/src/utility/json-utils.ts
FN:17,appendPropertyInAstObject
FN:40,insertPropertyInAstObjectInOrder
FN:94,appendValueInAstArray
FN:117,findPropertyInAstObject
FN:131,_buildIndent
FNF:5
FNH:4
FNDA:1,appendPropertyInAstObject
FNDA:9,insertPropertyInAstObjectInOrder
FNDA:0,appendValueInAstArray
FNDA:19,findPropertyInAstObject
FNDA:10,_buildIndent
DA:17,1
DA:24,1
DA:26,1
DA:28,1
DA:29,1
DA:32,1
DA:40,1
DA:48,9
DA:49,0
DA:51,0
DA:55,9
DA:56,9
DA:57,9
DA:58,9
DA:59,9
DA:60,33
DA:61,9
DA:62,9
DA:64,9
DA:66,24
DA:67,0
DA:68,0
DA:70,24
DA:73,9
DA:74,0
DA:76,0
DA:79,9
DA:81,9
DA:85,9
DA:94,1
DA:100,0
DA:102,0
DA:104,0
DA:105,0
DA:108,0
DA:117,1
DA:121,19
DA:122,19
DA:123,192
DA:124,9
DA:128,19
DA:132,10
LF:42
LH:31
BRDA:26,0,0,1
BRDA:26,0,1,0
BRDA:48,1,0,0
BRDA:48,1,1,9
BRDA:60,2,0,9
BRDA:60,2,1,24
BRDA:61,3,0,9
BRDA:61,3,1,0
BRDA:66,4,0,0
BRDA:66,4,1,24
BRDA:73,5,0,0
BRDA:73,5,1,9
BRDA:82,6,0,0
BRDA:82,6,1,9
BRDA:98,7,0,0
BRDA:102,8,0,0
BRDA:102,8,1,0
BRDA:123,9,0,9
BRDA:123,9,1,183
BRF:19
BRH:10
end_of_record
TN:
SF:/home/travis/build/tinesoft/ngx-storybook-schematics/src/utility/utils.ts
FN:43,safeFileDelete
FN:52,addPropertyToPackageJson
FN:62,addPropertyToJsonAst
FN:122,getLatestNodeVersion
FN:125,(anonymous_4)
FN:126,(anonymous_5)
FN:128,(anonymous_6)
FN:129,(anonymous_7)
FN:139,(anonymous_8)
FN:142,buildPackage
FN:148,getProjectPath
FN:168,getJsonFile
FN:185,getTsSourceFile
FNF:13
FNH:10
FNDA:0,safeFileDelete
FNDA:3,addPropertyToPackageJson
FNDA:4,addPropertyToJsonAst
FNDA:7,getLatestNodeVersion
FNDA:7,(anonymous_4)
FNDA:7,(anonymous_5)
FNDA:141,(anonymous_6)
FNDA:7,(anonymous_7)
FNDA:0,(anonymous_8)
FNDA:7,buildPackage
FNDA:4,getProjectPath
FNDA:4,getJsonFile
FNDA:0,getTsSourceFile
DA:1,1
DA:10,1
DA:16,1
DA:23,1
DA:25,1
DA:26,1
DA:34,1
DA:43,1
DA:44,0
DA:45,0
DA:46,0
DA:48,0
DA:52,1
DA:58,3
DA:62,1
DA:70,4
DA:71,4
DA:72,4
DA:74,4
DA:76,1
DA:83,3
DA:85,3
DA:86,3
DA:88,3
DA:90,3
DA:92,3
DA:101,0
DA:103,0
DA:105,0
DA:106,0
DA:110,0
DA:111,0
DA:114,4
DA:122,1
DA:123,7
DA:125,7
DA:126,7
DA:127,7
DA:128,141
DA:129,7
DA:130,7
DA:131,7
DA:132,7
DA:134,7
DA:136,0
DA:139,0
DA:143,7
DA:148,1
DA:149,4
DA:151,4
DA:152,0
DA:155,4
DA:157,4
DA:158,0
DA:163,4
DA:165,4
DA:168,1
DA:169,4
DA:170,4
DA:171,0
DA:173,4
DA:175,4
DA:176,4
DA:177,0
DA:182,4
DA:185,1
DA:186,0
DA:187,0
DA:188,0
DA:190,0
DA:191,0
DA:193,0
LF:72
LH:50
BRDA:44,0,0,0
BRDA:44,0,1,0
BRDA:68,1,0,3
BRDA:74,2,0,1
BRDA:74,2,1,3
BRDA:83,3,0,3
BRDA:83,3,1,0
BRDA:88,4,0,3
BRDA:88,4,1,0
BRDA:110,5,0,0
BRDA:110,5,1,0
BRDA:110,6,0,0
BRDA:110,6,1,0
BRDA:132,7,0,7
BRDA:132,7,1,7
BRDA:132,7,2,0
BRDA:142,8,0,0
BRDA:151,9,0,0
BRDA:151,9,1,4
BRDA:157,10,0,0
BRDA:157,10,1,4
BRDA:170,11,0,0
BRDA:170,11,1,4
BRDA:176,12,0,0
BRDA:176,12,1,4
BRDA:187,13,0,0
BRDA:187,13,1,0
BRF:27
BRH:11
end_of_record
